{
  "RSpec": {
    "coverage": {
      "/Users/svend/workspace/jekyll-documents/lib/jekyll-documents.rb": {
        "lines": [
          null,
          null,
          1,
          1,
          1,
          1,
          1,
          1,
          1,
          1,
          null,
          null,
          1,
          null,
          1,
          1,
          null,
          null,
          null
        ]
      },
      "/Users/svend/workspace/jekyll-documents/lib/jekyll/documents/version.rb": {
        "lines": [
          null,
          null,
          1,
          1,
          1,
          null,
          null
        ]
      },
      "/Users/svend/workspace/jekyll-documents/lib/jekyll/documents/configuration.rb": {
        "lines": [
          null,
          null,
          1,
          1,
          1,
          null,
          1,
          null,
          null,
          null,
          null,
          null,
          null,
          null,
          null,
          null,
          null,
          null,
          null,
          null,
          null,
          null,
          null,
          null,
          null,
          null,
          null,
          null,
          null,
          null,
          1,
          34,
          34,
          null,
          null,
          null,
          null
        ]
      },
      "/Users/svend/workspace/jekyll-documents/lib/jekyll/documents/utils.rb": {
        "lines": [
          null,
          null,
          1,
          1,
          null,
          1,
          1,
          10,
          10,
          10,
          10,
          10,
          10,
          null,
          null,
          1,
          4,
          4,
          4,
          2,
          null,
          2,
          2,
          null,
          null,
          null,
          null
        ]
      },
      "/Users/svend/workspace/jekyll-documents/lib/jekyll/documents/filters.rb": {
        "lines": [
          null,
          null,
          1,
          1,
          1,
          1,
          null,
          null,
          null,
          null,
          null,
          1,
          8,
          10,
          8,
          8,
          8,
          8,
          8,
          null,
          null,
          null,
          1,
          4,
          2,
          null,
          2,
          null,
          null,
          null,
          null,
          null,
          null,
          1
        ]
      },
      "/Users/svend/workspace/jekyll-documents/lib/jekyll/documents/file_type_icons.rb": {
        "lines": [
          null,
          null,
          1,
          1,
          null,
          null,
          null,
          null,
          1,
          null,
          null,
          null,
          null,
          null,
          null,
          null,
          1,
          null,
          null,
          null,
          null,
          null,
          null,
          null,
          null,
          null,
          null,
          null,
          null,
          null,
          null,
          null,
          null,
          null,
          null,
          null,
          null,
          null,
          null,
          null,
          null,
          null,
          null,
          null,
          null,
          null,
          null,
          null,
          null,
          null,
          null,
          null,
          null,
          null,
          null,
          null,
          null,
          null,
          null,
          null,
          null,
          null,
          null,
          null,
          null,
          null,
          null,
          null,
          null,
          null,
          null,
          null,
          null,
          null,
          null,
          null,
          null,
          null,
          null,
          null,
          null,
          null,
          null,
          null,
          null,
          null,
          null,
          null,
          null,
          null,
          null,
          null,
          null,
          null,
          null,
          null,
          null,
          null,
          null,
          null,
          null,
          null,
          null,
          1,
          20,
          20,
          20,
          null,
          null,
          null,
          null,
          null,
          null,
          null,
          null,
          null,
          null,
          null,
          null,
          1,
          7,
          7,
          7,
          null,
          null,
          1,
          null,
          null,
          null,
          null,
          1,
          20,
          null,
          4,
          4,
          4,
          null,
          null,
          4,
          null,
          3,
          null,
          null,
          null,
          null,
          null,
          1
        ]
      },
      "/Users/svend/workspace/jekyll-documents/lib/jekyll/documents/generator.rb": {
        "lines": [
          null,
          null,
          1,
          null,
          1,
          1,
          null,
          null,
          1,
          1,
          1,
          null,
          null,
          null,
          null,
          1,
          17,
          17,
          null,
          17,
          17,
          1,
          1,
          null,
          null,
          16,
          null,
          16,
          56,
          null,
          39,
          39,
          0,
          null,
          null,
          39,
          null,
          39,
          39,
          39,
          null,
          39,
          39,
          0,
          null,
          null,
          null,
          39,
          null,
          39,
          null,
          null,
          null,
          null,
          null,
          39,
          39,
          39,
          39,
          39,
          39,
          39,
          39,
          39,
          null,
          null,
          null,
          39,
          null,
          39,
          null,
          null,
          null,
          1,
          null,
          null,
          null,
          null,
          null,
          1,
          16,
          16,
          16,
          16,
          null,
          16,
          null,
          null,
          null,
          null,
          null,
          null,
          1,
          39,
          null,
          null,
          null,
          null,
          null,
          1,
          42,
          null,
          41,
          41,
          null,
          null,
          null,
          null,
          null,
          1,
          42,
          42,
          null,
          null,
          null,
          null,
          null,
          1,
          43,
          42,
          null,
          41,
          41,
          null,
          1,
          null,
          null,
          1,
          null,
          null,
          null,
          null,
          null,
          1,
          46,
          46,
          46,
          null,
          null,
          null,
          46,
          46,
          46,
          46,
          null,
          null,
          null,
          null
        ]
      },
      "/Users/svend/workspace/jekyll-documents/lib/jekyll/documents/json_index_generator.rb": {
        "lines": [
          null,
          null,
          1,
          1,
          null,
          1,
          1,
          1,
          1,
          1,
          null,
          1,
          6,
          6,
          null,
          5,
          5,
          null,
          4,
          null,
          8,
          null,
          null,
          8,
          null,
          null,
          null,
          null,
          null,
          null,
          4,
          4,
          null,
          4,
          null,
          null,
          null,
          null
        ]
      },
      "/Users/svend/workspace/jekyll-documents/lib/jekyll/documents/tags/latest_documents.rb": {
        "lines": [
          null,
          null,
          1,
          1,
          1,
          1,
          7,
          7,
          null,
          null,
          1,
          null,
          1,
          7,
          7,
          7,
          7,
          null,
          7,
          11,
          25,
          null,
          7,
          7,
          17,
          17,
          17,
          17,
          null,
          7,
          7,
          null,
          null,
          1,
          null,
          1,
          34,
          null,
          34,
          null,
          null,
          null,
          null,
          null,
          null,
          null,
          null,
          1,
          null,
          7,
          null,
          null,
          7,
          2,
          1,
          null,
          1,
          null,
          null,
          7,
          null,
          null,
          null,
          null,
          null,
          1
        ]
      }
    },
    "timestamp": 1773309341
  }
}
